PLAN_STORM alive01 2026-05-21T03:25:41.738394+00:00
PLAN_STORM alive02 2026-05-21T03:26:11.740038+00:00
PLAN_STORM alive03 2026-05-21T03:26:41.740991+00:00
PLAN_STORM alive04 2026-05-21T03:27:11.741694+00:00
PLAN_STORM alive05 2026-05-21T03:27:41.742648+00:00
PLAN_STORM alive06 2026-05-21T03:28:11.743473+00:00
PLAN_STORM alive07 2026-05-21T03:28:41.744661+00:00
PLAN_STORM alive08 2026-05-21T03:29:11.745545+00:00
PLAN_STORM alive09 2026-05-21T03:29:41.746663+00:00
PLAN_STORM alive10 2026-05-21T03:30:11.748000+00:00
PLAN_STORM alive11 2026-05-21T03:30:41.749660+00:00
PLAN_STORM alive12 2026-05-21T03:31:11.751457+00:00
PLAN_STORM alive13 2026-05-21T03:31:41.753209+00:00
PLAN_STORM alive14 2026-05-21T03:32:11.754474+00:00
PLAN_STORM alive15 2026-05-21T03:32:41.755950+00:00
PLAN_STORM alive16 2026-05-21T03:33:11.756955+00:00
PLAN_STORM alive17 2026-05-21T03:33:41.759475+00:00
PLAN_STORM alive18 2026-05-21T03:34:11.763869+00:00
PLAN_STORM alive19 2026-05-21T03:34:41.765011+00:00
PLAN_STORM alive20 2026-05-21T03:35:11.797354+00:00
PLAN_STORM alive21 2026-05-21T03:35:41.798330+00:00
PLAN_STORM alive22 2026-05-21T03:36:11.799109+00:00
PLAN_STORM alive23 2026-05-21T03:36:41.799749+00:00
PLAN_STORM alive24 2026-05-21T03:37:11.800554+00:00
PLAN_STORM alive25 2026-05-21T03:37:41.801398+00:00
PLAN_STORM alive01 2026-05-21T03:38:13.670218+00:00
PLAN_STORM alive02 2026-05-21T03:38:43.671738+00:00
PLAN_STORM alive03 2026-05-21T03:39:13.672673+00:00
PLAN_STORM alive04 2026-05-21T03:39:43.674001+00:00
PLAN_STORM alive01 2026-05-21T03:40:01.291481+00:00
PLAN_STORM alive02 2026-05-21T03:40:31.292949+00:00
PLAN_STORM alive03 2026-05-21T03:41:01.294077+00:00
PLAN_STORM alive01 2026-05-21T03:41:41.500188+00:00
PLAN_STORM alive02 2026-05-21T03:42:11.502084+00:00
PLAN_STORM alive03 2026-05-21T03:42:41.502739+00:00
PLAN_STORM alive04 2026-05-21T03:44:32+00:00
PLAN_STORM alive04 2026-05-21T03:43:11.503813+00:00
PLAN_STORM alive05 2026-05-21T03:43:41.505134+00:00
PLAN_STORM alive06 2026-05-21T03:44:11.506184+00:00
PLAN_STORM alive07 2026-05-21T03:44:41.507237+00:00
PLAN_DRAFT alive01 2026-05-21T03:45:08.882986+00:00
PLAN_DRAFT alive02 2026-05-21T03:45:38.884777+00:00
PLAN_DRAFT alive03 2026-05-21T03:46:08.885831+00:00
PLAN_DRAFT alive04 2026-05-21T03:46:38.887136+00:00
PLAN_DRAFT alive05 2026-05-21T03:47:08.888309+00:00
PLAN_DRAFT alive06 2026-05-21T03:47:34+00:00
PLAN_DRAFT alive06 2026-05-21T03:47:38.889384+00:00
PLAN_DRAFT alive07 2026-05-21T03:48:08.890589+00:00
PLAN_DRAFT alive08 2026-05-21T03:48:38.891957+00:00
PLAN_DRAFT alive09 2026-05-21T03:49:08.893175+00:00
PLAN_DRAFT alive10 2026-05-21T03:49:38.894414+00:00
PLAN_DRAFT alive11 2026-05-21T03:50:08.895745+00:00
PLAN_DRAFT alive12 2026-05-21T03:50:38.896629+00:00
PLAN_DRAFT alive13 2026-05-21T03:51:08.897726+00:00
PLAN_DRAFT alive14 2026-05-21T03:51:38.898604+00:00
PLAN_DRAFT alive15 2026-05-21T03:52:08.899697+00:00
PLAN_DRAFT alive16 2026-05-21T03:52:38.900791+00:00
PLAN_DRAFT alive17 2026-05-21T03:53:08.902006+00:00
PLAN_DRAFT alive18 2026-05-21T03:53:38.903134+00:00
PLAN_DRAFT alive19 2026-05-21T03:54:08.905185+00:00
PLAN_SELF_REVIEW alive01 2026-05-21T03:54:41.493657+00:00
PLAN_SELF_REVIEW alive02 2026-05-21T03:55:11.495760+00:00
PLAN_SELF_REVIEW alive01 2026-05-21T11:55:26+08:00
PLAN_SELF_REVIEW alive03 2026-05-21T03:55:41.497085+00:00
PLAN_SELF_REVIEW alive04 2026-05-21T03:56:11.498199+00:00
PLAN_SELF_REVIEW alive05 2026-05-21T03:56:41.499186+00:00
PLAN_SELF_REVIEW alive06 2026-05-21T03:57:11.530628+00:00
PLAN_SELF_REVIEW alive07 2026-05-21T03:57:41.532010+00:00
PLAN_SELF_REVIEW alive08 2026-05-21T03:58:11.533531+00:00
PLAN_SELF_REVIEW alive09 2026-05-21T03:58:41.534528+00:00
PLAN_SELF_REVIEW alive10 2026-05-21T03:59:11.535746+00:00
PLAN_SELF_REVIEW alive11 2026-05-21T03:59:41.537118+00:00
PLAN_SELF_REVIEW alive12 2026-05-21T04:00:11.538179+00:00
PLAN_SELF_REVIEW alive13 2026-05-21T04:00:41.539207+00:00
PLAN_SELF_REVIEW alive14 2026-05-21T04:01:11.557732+00:00
PLAN_SELF_REVIEW alive15 2026-05-21T04:01:41.559435+00:00
PLAN_SELF_REVIEW alive16 2026-05-21T04:02:11.590916+00:00
PLAN_SELF_REVIEW alive17 2026-05-21T04:02:41.592481+00:00
PLAN_SELF_REVIEW alive18 2026-05-21T04:03:11.593967+00:00
PLAN_SELF_REVIEW alive19 2026-05-21T04:03:41.595181+00:00
PLAN_SELF_REVIEW alive20 2026-05-21T04:04:03.816773+00:00
PLAN_SELF_REVIEW alive20 2026-05-21T04:04:11.596500+00:00
EXECUTE alive01 2026-05-21T04:04:19.600423+00:00
EXECUTE alive02 2026-05-21T04:04:49.602323+00:00
EXECUTE alive03 2026-05-21T04:05:19.603883+00:00
EXECUTE alive04 2026-05-21T04:05:49.605006+00:00
EXECUTE alive01 2026-05-21T12:06:02+08:00
EXECUTE alive05 2026-05-21T04:06:19.606384+00:00
EXECUTE alive06 2026-05-21T04:06:49.607488+00:00
EXECUTE alive07 2026-05-21T04:07:19.608561+00:00
EXECUTE alive08 2026-05-21T04:07:49.609649+00:00
EXECUTE alive09 2026-05-21T04:08:19.610510+00:00
EXECUTE alive10 2026-05-21T04:08:49.611340+00:00
EXECUTE alive11 2026-05-21T04:09:19.612863+00:00
EXECUTE alive12 2026-05-21T04:09:49.613992+00:00
EXECUTE alive13 2026-05-21T04:10:19.615684+00:00
EXECUTE alive14 2026-05-21T04:10:49.617396+00:00
EXECUTE alive15 2026-05-21T04:11:19.620514+00:00
EXECUTE alive16 2026-05-21T04:11:49.621990+00:00
EXECUTE alive17 2026-05-21T04:12:19.623760+00:00
EXECUTE alive18 2026-05-21T04:12:49.626614+00:00
EXECUTE alive19 2026-05-21T04:13:19.628219+00:00
EXECUTE alive20 2026-05-21T04:13:49.629085+00:00
EXECUTE alive21 2026-05-21T04:14:19.630146+00:00
EXECUTE alive22 2026-05-21T04:14:49.631034+00:00
EXECUTE alive23 2026-05-21T04:15:19.632766+00:00
EXECUTE alive24 2026-05-21T04:15:49.634172+00:00
EXECUTE alive25 2026-05-21T04:16:19.635148+00:00
EXECUTE alive26 2026-05-21T04:16:49.636339+00:00
EXECUTE alive27 2026-05-21T04:17:19.637258+00:00
EXECUTE alive28 2026-05-21T04:17:49.638088+00:00
EXECUTE alive29 2026-05-21T04:18:19.639868+00:00
EXECUTE alive30 2026-05-21T04:18:49.640799+00:00
EXECUTE alive31 2026-05-21T04:19:19.641584+00:00
EXECUTE alive32 2026-05-21T04:19:49.642311+00:00
EXECUTE alive33 2026-05-21T04:20:19.643480+00:00
EXECUTE alive34 2026-05-21T04:20:49.644370+00:00
EXECUTE alive35 2026-05-21T04:21:19.645160+00:00
EXECUTE alive36 2026-05-21T04:21:49.646773+00:00
EXECUTE alive37 2026-05-21T04:22:19.648501+00:00
EXECUTE alive38 2026-05-21T04:22:49.649570+00:00
EXECUTE alive39 2026-05-21T04:23:19.650325+00:00
EXECUTE alive40 2026-05-21T04:23:49.650925+00:00
EXECUTE alive41 2026-05-21T04:24:19.651622+00:00
EXECUTE alive42 2026-05-21T04:24:49.652435+00:00
EXECUTE alive43 2026-05-21T04:25:19.653137+00:00
EXECUTE alive44 2026-05-21T04:25:49.653873+00:00
EXECUTE_SELF_REVIEW alive01 2026-05-21T04:26:00.110768+00:00
EXECUTE_SELF_REVIEW alive02 2026-05-21T04:26:30.112340+00:00
EXECUTE_SELF_REVIEW alive03 2026-05-21T04:26:56+00:00
EXECUTE_SELF_REVIEW alive03 2026-05-21T04:27:00.113115+00:00
EXECUTE_SELF_REVIEW alive04 2026-05-21T04:27:30.113839+00:00
EXECUTE_SELF_REVIEW alive05 2026-05-21T04:28:00.114468+00:00
EXECUTE_SELF_REVIEW alive06 2026-05-21T04:28:30.115980+00:00
EXECUTE_SELF_REVIEW alive07 2026-05-21T04:29:00.116594+00:00
EXECUTE_SELF_REVIEW alive08 2026-05-21T04:29:30.117450+00:00
EXECUTE_SELF_REVIEW alive04 2026-05-21T04:29:56+00:00
EXECUTE_SELF_REVIEW alive09 2026-05-21T04:30:00.118066+00:00
EXECUTE_SELF_REVIEW alive10 2026-05-21T04:30:30.118590+00:00
EXECUTE_SELF_REVIEW alive11 2026-05-21T04:31:00.119132+00:00
EXECUTE_SELF_REVIEW alive12 2026-05-21T04:31:30.119569+00:00
EXECUTE_SELF_REVIEW alive13 2026-05-21T04:32:00.119961+00:00
EXECUTE_SELF_REVIEW alive14 2026-05-21T04:32:30.120392+00:00
EXECUTE_SELF_REVIEW alive15 2026-05-21T04:33:00.120800+00:00
EXECUTE_SELF_REVIEW alive16 2026-05-21T04:33:30.121207+00:00
EXECUTE_SELF_REVIEW alive17 2026-05-21T04:34:00.121648+00:00
EXECUTE_SELF_REVIEW alive18 2026-05-21T04:34:30.122074+00:00
EXECUTE_SELF_REVIEW alive19 2026-05-21T04:35:00.123213+00:00
EXECUTE_SELF_REVIEW alive20 2026-05-21T04:35:30.123793+00:00
EXECUTE_SELF_REVIEW alive21 2026-05-21T04:36:00.124536+00:00
EXECUTE_SELF_REVIEW alive22 2026-05-21T04:36:30.125058+00:00
EXECUTE_SELF_REVIEW alive23 2026-05-21T04:37:00.125668+00:00
EXECUTE_SELF_REVIEW alive24 2026-05-21T04:37:30.126342+00:00
REVIEW alive01 2026-05-21T04:37:46.345087+00:00
REVIEW alive02 2026-05-21T12:43:10+08:00
REVIEW alive02 2026-05-21T04:38:16.346412+00:00
REVIEW alive03 2026-05-21T04:38:46.346923+00:00
REVIEW alive04 2026-05-21T04:39:16.347504+00:00
REVIEW alive05 2026-05-21T04:39:46.348232+00:00
REVIEW alive06 2026-05-21T04:40:16.348768+00:00
REVIEW alive07 2026-05-21T04:40:46.349515+00:00
REVIEW alive08 2026-05-21T04:41:16.350198+00:00
REVIEW alive09 2026-05-21T04:41:46.350936+00:00
REVIEW alive10 2026-05-21T04:42:16.351395+00:00
REVIEW alive11 2026-05-21T04:42:46.352065+00:00
REVIEW alive12 2026-05-21T04:43:16.352547+00:00
REVIEW alive13 2026-05-21T04:43:46.353045+00:00
REVIEW alive14 2026-05-21T04:44:16.353617+00:00
REVIEW alive15 2026-05-21T04:44:46.354989+00:00
REVIEW alive16 2026-05-21T04:45:16.355724+00:00
REVIEW alive17 2026-05-21T04:45:46.356968+00:00
GOD_ADVANCE alive01 2026-05-21T04:45:57.331921+00:00
GOD_ADVANCE alive01 2026-05-21T12:46:27+08:00
GOD_ADVANCE alive02 2026-05-21T04:46:27.334260+00:00
GOD_ADVANCE alive03 2026-05-21T04:46:57.335002+00:00
GOD_ADVANCE alive04 2026-05-21T04:47:27.336052+00:00
GOD_ADVANCE alive05 2026-05-21T04:47:57.336731+00:00
GOD_ADVANCE alive06 2026-05-21T04:48:27.337752+00:00
GOD_ADVANCE alive07 2026-05-21T04:48:57.338371+00:00
PLAN_STORM alive01 2026-05-21T04:49:26.885950+00:00
PLAN_STORM alive01 2026-05-21T12:49:45
PLAN_STORM alive02 2026-05-21T04:49:56.887079+00:00
PLAN_STORM alive03 2026-05-21T04:50:26.887841+00:00
PLAN_STORM alive04 2026-05-21T04:50:56.888658+00:00
PLAN_STORM alive05 2026-05-21T04:51:26.889372+00:00
PLAN_STORM alive06 2026-05-21T04:51:56.890162+00:00
PLAN_STORM alive07 2026-05-21T04:52:26.891123+00:00
PLAN_STORM alive08 2026-05-21T04:52:56.891921+00:00
PLAN_DRAFT alive01 2026-05-21T04:53:21.188599+00:00
PLAN_DRAFT alive02 2026-05-21T04:53:51.191055+00:00
PLAN_DRAFT alive03 2026-05-21T04:54:21.194364+00:00
PLAN_DRAFT alive04 2026-05-21T04:54:51.194924+00:00
PLAN_DRAFT alive05 2026-05-21T04:55:21.195655+00:00
PLAN_DRAFT alive06 2026-05-21T04:55:51.196435+00:00
PLAN_DRAFT alive07 2026-05-21T04:56:21.197089+00:00
PLAN_DRAFT alive08 2026-05-21T04:56:51.197809+00:00
PLAN_DRAFT alive09 2026-05-21T04:57:21.198524+00:00
PLAN_DRAFT alive10 2026-05-21T04:57:51.199201+00:00
PLAN_DRAFT alive11 2026-05-21T04:58:21.200176+00:00
PLAN_DRAFT alive12 2026-05-21T04:58:51.200752+00:00
PLAN_DRAFT alive13 2026-05-21T04:59:21.201417+00:00
PLAN_DRAFT alive14 2026-05-21T04:59:51.202076+00:00
PLAN_DRAFT alive15 2026-05-21T05:00:21.202639+00:00
PLAN_DRAFT alive16 2026-05-21T05:00:51.203349+00:00
PLAN_DRAFT alive17 2026-05-21T05:01:21.203988+00:00
PLAN_DRAFT alive18 2026-05-21T05:01:51.204600+00:00
PLAN_DRAFT alive19 2026-05-21T05:02:21.205104+00:00
PLAN_DRAFT alive20 2026-05-21T05:02:51.205574+00:00
PLAN_DRAFT alive21 2026-05-21T05:03:21.206211+00:00
PLAN_DRAFT alive22 2026-05-21T05:03:51.206955+00:00
PLAN_DRAFT alive23 2026-05-21T05:04:21.207666+00:00
PLAN_DRAFT alive24 2026-05-21T05:04:51.208563+00:00
PLAN_SELF_REVIEW alive01 2026-05-21T05:05:16.660491+00:00
PLAN_SELF_REVIEW alive02 2026-05-21T05:05:46.661149+00:00
PLAN_SELF_REVIEW alive03 2026-05-21T05:06:16.661622+00:00
PLAN_SELF_REVIEW alive04 2026-05-21T05:06:46.662289+00:00
PLAN_SELF_REVIEW alive05 2026-05-21T05:07:16.665109+00:00
PLAN_SELF_REVIEW alive06 2026-05-21T05:07:46.665719+00:00
PLAN_SELF_REVIEW alive07 2026-05-21T05:08:16.666637+00:00
PLAN_SELF_REVIEW alive08 2026-05-21T05:08:46.667668+00:00
REVIEW alive01 2026-05-21T14:36:47+08:00
PLAN_SELF_REVIEW alive09 2026-05-21T05:09:16.668374+00:00
PLAN_SELF_REVIEW alive10 2026-05-21T05:09:46.669072+00:00
PLAN_SELF_REVIEW alive11 2026-05-21T05:10:16.669827+00:00
EXECUTE alive01 2026-05-21T05:10:34.710055+00:00
EXECUTE alive02 2026-05-21T05:11:04.711024+00:00
EXECUTE alive01 2026-05-21T13:11:11+08:00
EXECUTE alive03 2026-05-21T05:11:34.711565+00:00
EXECUTE alive04 2026-05-21T05:12:04.712022+00:00
EXECUTE alive05 2026-05-21T05:12:34.712662+00:00
EXECUTE alive06 2026-05-21T05:13:04.713250+00:00
EXECUTE alive07 2026-05-21T05:13:34.714072+00:00
EXECUTE alive08 2026-05-21T05:14:04.714792+00:00
EXECUTE alive09 2026-05-21T05:14:34.717485+00:00
EXECUTE alive10 2026-05-21T05:15:04.718077+00:00
EXECUTE alive11 2026-05-21T05:15:34.718762+00:00
EXECUTE alive12 2026-05-21T05:16:04.719553+00:00
EXECUTE alive01 2026-05-21T05:17:53.363466+00:00
EXECUTE alive02 2026-05-21T05:18:23.364725+00:00
EXECUTE alive01 2026-05-21T13:18:36+08:00
EXECUTE alive03 2026-05-21T05:18:53.365258+00:00
EXECUTE alive04 2026-05-21T05:19:23.365984+00:00
EXECUTE alive05 2026-05-21T05:19:53.366504+00:00
EXECUTE alive06 2026-05-21T05:20:23.367569+00:00
EXECUTE alive07 2026-05-21T05:20:53.368175+00:00
EXECUTE alive08 2026-05-21T05:21:23.368767+00:00
EXECUTE alive09 2026-05-21T05:21:53.369523+00:00
EXECUTE alive10 2026-05-21T05:22:23.370047+00:00
EXECUTE alive11 2026-05-21T05:22:53.372885+00:00
EXECUTE alive12 2026-05-21T05:23:23.374637+00:00
EXECUTE alive13 2026-05-21T05:23:53.375165+00:00
EXECUTE alive14 2026-05-21T05:24:23.375723+00:00
EXECUTE alive15 2026-05-21T05:24:53.376226+00:00
EXECUTE alive16 2026-05-21T05:25:23.377167+00:00
EXECUTE alive17 2026-05-21T05:25:53.379435+00:00
EXECUTE alive18 2026-05-21T05:26:23.380381+00:00
EXECUTE alive19 2026-05-21T05:26:53.381544+00:00
EXECUTE alive20 2026-05-21T05:27:23.382584+00:00
EXECUTE alive21 2026-05-21T05:27:53.383207+00:00
EXECUTE alive22 2026-05-21T05:28:23.383845+00:00
EXECUTE alive23 2026-05-21T05:28:53.384327+00:00
EXECUTE alive24 2026-05-21T05:29:23.384857+00:00
EXECUTE alive25 2026-05-21T05:29:53.385273+00:00
EXECUTE alive02 2026-05-21T13:30:15+08:00
EXECUTE alive26 2026-05-21T05:30:23.385887+00:00
EXECUTE alive27 2026-05-21T05:30:53.386328+00:00
EXECUTE alive28 2026-05-21T05:31:23.386774+00:00
EXECUTE alive29 2026-05-21T05:31:53.387159+00:00
EXECUTE alive30 2026-05-21T05:32:23.388032+00:00
EXECUTE alive31 2026-05-21T05:32:53.388700+00:00
EXECUTE alive32 2026-05-21T05:33:23.389656+00:00
EXECUTE alive33 2026-05-21T05:33:53.390777+00:00
EXECUTE alive34 2026-05-21T05:34:23.391235+00:00
EXECUTE alive35 2026-05-21T05:34:53.391850+00:00
EXECUTE alive36 2026-05-21T05:35:23.392217+00:00
EXECUTE alive37 2026-05-21T05:35:53.392595+00:00
EXECUTE alive03 2026-05-21T13:36:09+08:00
EXECUTE alive38 2026-05-21T05:36:23.393117+00:00
EXECUTE alive39 2026-05-21T05:36:53.393779+00:00
EXECUTE alive40 2026-05-21T05:37:23.394382+00:00
EXECUTE alive41 2026-05-21T05:37:53.395468+00:00
EXECUTE alive42 2026-05-21T05:38:23.396370+00:00
EXECUTE alive43 2026-05-21T05:38:53.399823+00:00
EXECUTE alive44 2026-05-21T05:39:23.400788+00:00
EXECUTE alive45 2026-05-21T05:39:53.401511+00:00
EXECUTE alive46 2026-05-21T05:40:23.402069+00:00
EXECUTE alive47 2026-05-21T05:40:53.403606+00:00
EXECUTE alive48 2026-05-21T05:41:23.407804+00:00
EXECUTE alive49 2026-05-21T05:41:53.408721+00:00
EXECUTE alive04 2026-05-21T13:41:56+08:00
EXECUTE alive50 2026-05-21T05:42:23.409577+00:00
EXECUTE alive51 2026-05-21T05:42:53.410883+00:00
EXECUTE alive52 2026-05-21T05:43:23.411450+00:00
EXECUTE alive53 2026-05-21T05:43:53.412057+00:00
EXECUTE alive54 2026-05-21T05:44:23.415763+00:00
EXECUTE alive55 2026-05-21T05:44:53.416738+00:00
EXECUTE alive56 2026-05-21T05:45:23.417451+00:00
EXECUTE alive57 2026-05-21T05:45:53.418231+00:00
EXECUTE alive58 2026-05-21T05:46:23.423618+00:00
EXECUTE alive59 2026-05-21T05:46:53.424240+00:00
EXECUTE alive60 2026-05-21T05:47:23.425089+00:00
EXECUTE alive61 2026-05-21T05:47:53.425892+00:00
EXECUTE alive62 2026-05-21T05:48:23.426516+00:00
EXECUTE alive63 2026-05-21T05:48:53.427379+00:00
EXECUTE alive64 2026-05-21T05:49:23.428429+00:00
EXECUTE alive65 2026-05-21T05:49:53.429153+00:00
EXECUTE alive66 2026-05-21T05:50:23.435706+00:00
EXECUTE alive67 2026-05-21T05:50:53.436333+00:00
EXECUTE alive68 2026-05-21T05:51:23.437734+00:00
EXECUTE alive69 2026-05-21T05:51:53.438498+00:00
EXECUTE alive70 2026-05-21T05:52:23.438956+00:00
EXECUTE alive05 2026-05-21T13:52:28+08:00
EXECUTE alive71 2026-05-21T05:52:53.439599+00:00
EXECUTE alive72 2026-05-21T05:53:23.440353+00:00
EXECUTE alive73 2026-05-21T05:53:53.443598+00:00
EXECUTE alive74 2026-05-21T05:54:23.444163+00:00
EXECUTE alive75 2026-05-21T05:54:53.444675+00:00
EXECUTE alive76 2026-05-21T05:55:23.445108+00:00
EXECUTE alive77 2026-05-21T05:55:53.445588+00:00
EXECUTE alive78 2026-05-21T05:56:23.446003+00:00
EXECUTE alive79 2026-05-21T05:56:53.446539+00:00
EXECUTE alive80 2026-05-21T05:57:23.447040+00:00
EXECUTE alive81 2026-05-21T05:57:53.447617+00:00
EXECUTE alive82 2026-05-21T05:58:23.448060+00:00
EXECUTE alive83 2026-05-21T05:58:53.448447+00:00
EXECUTE alive84 2026-05-21T05:59:23.448883+00:00
EXECUTE alive06 2026-05-21T13:59:35+08:00
EXECUTE alive85 2026-05-21T05:59:53.449950+00:00
EXECUTE alive86 2026-05-21T06:00:23.450510+00:00
EXECUTE alive87 2026-05-21T06:00:53.450924+00:00
EXECUTE alive88 2026-05-21T06:01:23.451447+00:00
EXECUTE alive89 2026-05-21T06:01:53.452138+00:00
EXECUTE alive90 2026-05-21T06:02:23.452709+00:00
EXECUTE alive91 2026-05-21T06:02:53.453344+00:00
EXECUTE alive92 2026-05-21T06:03:23.453835+00:00
EXECUTE alive93 2026-05-21T06:03:53.454228+00:00
EXECUTE alive94 2026-05-21T06:04:23.454762+00:00
EXECUTE alive95 2026-05-21T06:04:53.455375+00:00
EXECUTE alive96 2026-05-21T06:05:23.455873+00:00
EXECUTE alive07 2026-05-21T14:05:35+08:00
EXECUTE alive97 2026-05-21T06:05:53.456465+00:00
EXECUTE alive98 2026-05-21T06:06:23.457261+00:00
EXECUTE alive99 2026-05-21T06:06:53.457967+00:00
EXECUTE alive100 2026-05-21T06:07:23.458473+00:00
EXECUTE alive101 2026-05-21T06:07:53.458886+00:00
EXECUTE alive102 2026-05-21T06:08:23.459848+00:00
EXECUTE alive103 2026-05-21T06:08:53.460980+00:00
EXECUTE alive104 2026-05-21T06:09:23.461590+00:00
EXECUTE alive105 2026-05-21T06:09:53.462554+00:00
EXECUTE alive106 2026-05-21T06:10:23.463894+00:00
EXECUTE alive107 2026-05-21T06:10:53.464332+00:00
EXECUTE alive108 2026-05-21T06:11:23.464970+00:00
EXECUTE alive109 2026-05-21T06:11:53.465818+00:00
EXECUTE alive110 2026-05-21T06:12:23.466560+00:00
EXECUTE alive111 2026-05-21T06:12:53.467308+00:00
EXECUTE_SELF_REVIEW alive01 2026-05-21T06:13:03.530717+00:00
EXECUTE_SELF_REVIEW alive02 2026-05-21T06:13:33.534426+00:00
EXECUTE_SELF_REVIEW alive03 2026-05-21T06:14:03.534983+00:00
EXECUTE_SELF_REVIEW alive04 2026-05-21T06:14:33.535678+00:00
EXECUTE_SELF_REVIEW alive05 2026-05-21T06:15:03.536127+00:00
EXECUTE_SELF_REVIEW alive06 2026-05-21T06:15:33.536698+00:00
EXECUTE_SELF_REVIEW alive07 2026-05-21T06:16:03.537244+00:00
EXECUTE_SELF_REVIEW alive08 2026-05-21T06:16:33.537756+00:00
EXECUTE_SELF_REVIEW alive09 2026-05-21T06:17:03.538283+00:00
EXECUTE_SELF_REVIEW alive10 2026-05-21T06:17:33.538910+00:00
EXECUTE_SELF_REVIEW alive11 2026-05-21T06:18:03.539497+00:00
EXECUTE_SELF_REVIEW alive12 2026-05-21T06:18:33.540190+00:00
EXECUTE_SELF_REVIEW alive13 2026-05-21T06:19:03.540725+00:00
EXECUTE_SELF_REVIEW alive05 2026-05-21T14:19:24+08:00
EXECUTE_SELF_REVIEW alive14 2026-05-21T06:19:33.541409+00:00
EXECUTE_SELF_REVIEW alive15 2026-05-21T06:20:03.541949+00:00
EXECUTE_SELF_REVIEW alive16 2026-05-21T06:20:33.542418+00:00
EXECUTE_SELF_REVIEW alive17 2026-05-21T06:21:03.542973+00:00
EXECUTE_SELF_REVIEW alive18 2026-05-21T06:21:33.543582+00:00
EXECUTE_SELF_REVIEW alive19 2026-05-21T06:22:03.544045+00:00
EXECUTE_SELF_REVIEW alive20 2026-05-21T06:22:33.544564+00:00
EXECUTE_SELF_REVIEW alive21 2026-05-21T06:23:03.545152+00:00
EXECUTE_SELF_REVIEW alive22 2026-05-21T06:23:33.545803+00:00
EXECUTE_SELF_REVIEW alive23 2026-05-21T06:24:03.546306+00:00
EXECUTE_SELF_REVIEW alive24 2026-05-21T06:24:33.547395+00:00
EXECUTE_SELF_REVIEW alive25 2026-05-21T06:25:03.547942+00:00
EXECUTE_SELF_REVIEW alive26 2026-05-21T06:25:33.548469+00:00
EXECUTE_SELF_REVIEW alive27 2026-05-21T06:26:03.549050+00:00
EXECUTE_SELF_REVIEW alive28 2026-05-21T06:26:33.549870+00:00
EXECUTE_SELF_REVIEW alive29 2026-05-21T06:27:03.550986+00:00
EXECUTE_SELF_REVIEW alive30 2026-05-21T06:27:33.552265+00:00
EXECUTE_SELF_REVIEW alive31 2026-05-21T06:28:03.552948+00:00
REVIEW alive01 2026-05-21T06:28:09.309046+00:00
REVIEW alive02 2026-05-21T06:28:39.310237+00:00
REVIEW alive03 2026-05-21T06:30:43+00:00
REVIEW alive03 2026-05-21T06:29:09.311065+00:00
REVIEW alive04 2026-05-21T06:29:39.311687+00:00
REVIEW alive05 2026-05-21T06:30:09.312796+00:00
REVIEW alive06 2026-05-21T06:30:39.313602+00:00
REVIEW alive07 2026-05-21T06:31:09.314161+00:00
REVIEW alive08 2026-05-21T06:31:39.314696+00:00
REVIEW alive09 2026-05-21T06:32:09.315190+00:00
REVIEW alive01 2026-05-21T06:32:09.445927+00:00
REVIEW alive02 2026-05-21T06:32:39.446766+00:00
REVIEW alive03 2026-05-21T06:33:09.447403+00:00
REVIEW alive04 2026-05-21T06:33:39.448082+00:00
REVIEW alive01 2026-05-21T06:34:02.274072+00:00
REVIEW alive02 2026-05-21T06:34:32.275171+00:00
REVIEW alive03 2026-05-21T06:35:02.275996+00:00
REVIEW alive04 2026-05-21T06:35:32.276750+00:00
REVIEW alive05 2026-05-21T06:36:02.277263+00:00
REVIEW alive06 2026-05-21T06:36:32.277751+00:00
REVIEW alive07 2026-05-21T06:37:02.278290+00:00
REVIEW alive08 2026-05-21T06:37:32.279052+00:00
REVIEW alive09 2026-05-21T06:38:02.279864+00:00
REVIEW alive10 2026-05-21T06:38:32.280370+00:00
REVIEW alive11 2026-05-21T06:39:02.281034+00:00
REVIEW alive12 2026-05-21T06:39:32.281603+00:00
REVIEW alive13 2026-05-21T06:40:02.282203+00:00
REVIEW alive14 2026-05-21T06:40:32.282775+00:00
REVIEW alive15 2026-05-21T06:41:02.283632+00:00
REVIEW alive16 2026-05-21T06:41:32.285093+00:00
REVIEW alive17 2026-05-21T06:42:02.287671+00:00
REVIEW alive18 2026-05-21T06:42:32.288480+00:00
REVIEW alive19 2026-05-21T06:43:02.295598+00:00
REVIEW alive20 2026-05-21T14:43:04+08:00
REVIEW alive20 2026-05-21T06:43:32.297038+00:00
REVIEW alive21 2026-05-21T06:44:02.299600+00:00
REVIEW alive22 2026-05-21T06:44:32.300162+00:00
REVIEW alive23 2026-05-21T06:45:02.304122+00:00
REVIEW alive24 2026-05-21T06:45:32.304824+00:00
REVIEW alive25 2026-05-21T06:46:02.305344+00:00
REVIEW alive26 2026-05-21T06:46:32.307679+00:00
REVIEW alive27 2026-05-21T06:47:02.308271+00:00
REVIEW alive28 2026-05-21T06:47:32.308932+00:00
REVIEW alive29 2026-05-21T06:48:02.309863+00:00
REVIEW alive30 2026-05-21T06:48:32.310437+00:00
REVIEW alive31 2026-05-21T06:49:02.311597+00:00
REVIEW alive32 2026-05-21T06:49:32.312277+00:00
REVIEW alive33 2026-05-21T06:50:02.313441+00:00
REVIEW alive34 2026-05-21T06:50:32.314093+00:00
REVIEW alive35 2026-05-21T06:51:02.314602+00:00
REVIEW alive36 2026-05-21T06:51:32.315171+00:00
REVIEW alive37 2026-05-21T06:52:02.315920+00:00
GOD_ADVANCE alive01 2026-05-21T06:52:29.062816+00:00
GOD_ADVANCE alive02 2026-05-21T06:52:59.064141+00:00
GOD_ADVANCE alive03 2026-05-21T06:53:29.064701+00:00
GOD_ADVANCE alive04 2026-05-21T06:53:59.065607+00:00
GOD_ADVANCE alive05 2026-05-21T06:54:29.070043+00:00
GOD_ADVANCE alive06 2026-05-21T06:54:59.070880+00:00
